This is pdfTeX, Version 3.1415926-2.5-1.40.14 (TeX Live 2013/Debian) (format=pdflatex 2014.12.13)  8 JAN 2015 22:17
entering extended mode
 restricted \write18 enabled.
 %&-line parsing enabled.
**paper1.tex
(./paper1.tex
LaTeX2e <2011/06/27>
Babel <3.9h> and hyphenation patterns for 2 languages loaded.
(./IEEEtran.cls
Document Class: IEEEtran 2012/12/27 V1.8 by Michael Shell
-- See the "IEEEtran_HOWTO" manual for usage information.
-- http://www.michaelshell.org/tex/ieeetran/
\@IEEEtrantmpdimenA=\dimen102
\@IEEEtrantmpdimenB=\dimen103
\@IEEEtrantmpcountA=\count79
\@IEEEtrantmpcountB=\count80
\@IEEEtrantmptoksA=\toks14
-- Using IEEE Computer Society mode.
LaTeX Font Info:    Try loading font information for OT1+ppl on input line 368.

(/usr/share/texlive/texmf-dist/tex/latex/psnfss/ot1ppl.fd
File: ot1ppl.fd 2001/06/04 font definitions for OT1/ppl.
)
-- Using 8.5in x 11in (letter) paper.
-- Using PDF output.
\@IEEEnormalsizeunitybaselineskip=\dimen104
-- This is a 10 point document.
\CLASSINFOnormalsizebaselineskip=\dimen105
\CLASSINFOnormalsizeunitybaselineskip=\dimen106
\IEEEnormaljot=\dimen107
LaTeX Font Info:    Font shape `OT1/ppl/bx/n' in size <5> not available
(Font)              Font shape `OT1/ppl/b/n' tried instead on input line 726.
LaTeX Font Info:    Font shape `OT1/ppl/bx/it' in size <5> not available
(Font)              Font shape `OT1/ppl/b/it' tried instead on input line 726.
LaTeX Font Info:    Font shape `OT1/ppl/bx/n' in size <7> not available
(Font)              Font shape `OT1/ppl/b/n' tried instead on input line 726.
LaTeX Font Info:    Font shape `OT1/ppl/bx/it' in size <7> not available
(Font)              Font shape `OT1/ppl/b/it' tried instead on input line 726.
LaTeX Font Info:    Font shape `OT1/ppl/bx/n' in size <8> not available
(Font)              Font shape `OT1/ppl/b/n' tried instead on input line 726.
LaTeX Font Info:    Font shape `OT1/ppl/bx/it' in size <8> not available
(Font)              Font shape `OT1/ppl/b/it' tried instead on input line 726.
LaTeX Font Info:    Font shape `OT1/ppl/bx/n' in size <9> not available
(Font)              Font shape `OT1/ppl/b/n' tried instead on input line 726.
LaTeX Font Info:    Font shape `OT1/ppl/bx/it' in size <9> not available
(Font)              Font shape `OT1/ppl/b/it' tried instead on input line 726.
LaTeX Font Info:    Font shape `OT1/ppl/bx/n' in size <10> not available
(Font)              Font shape `OT1/ppl/b/n' tried instead on input line 726.
LaTeX Font Info:    Font shape `OT1/ppl/bx/it' in size <10> not available
(Font)              Font shape `OT1/ppl/b/it' tried instead on input line 726.
LaTeX Font Info:    Font shape `OT1/ppl/bx/n' in size <11> not available
(Font)              Font shape `OT1/ppl/b/n' tried instead on input line 726.
LaTeX Font Info:    Font shape `OT1/ppl/bx/it' in size <11> not available
(Font)              Font shape `OT1/ppl/b/it' tried instead on input line 726.
LaTeX Font Info:    Font shape `OT1/ppl/bx/n' in size <12> not available
(Font)              Font shape `OT1/ppl/b/n' tried instead on input line 726.
LaTeX Font Info:    Font shape `OT1/ppl/bx/it' in size <12> not available
(Font)              Font shape `OT1/ppl/b/it' tried instead on input line 726.
LaTeX Font Info:    Font shape `OT1/ppl/bx/n' in size <17> not available
(Font)              Font shape `OT1/ppl/b/n' tried instead on input line 726.
LaTeX Font Info:    Font shape `OT1/ppl/bx/it' in size <17> not available
(Font)              Font shape `OT1/ppl/b/it' tried instead on input line 726.
LaTeX Font Info:    Font shape `OT1/ppl/bx/n' in size <20> not available
(Font)              Font shape `OT1/ppl/b/n' tried instead on input line 726.
LaTeX Font Info:    Font shape `OT1/ppl/bx/it' in size <20> not available
(Font)              Font shape `OT1/ppl/b/it' tried instead on input line 726.
LaTeX Font Info:    Font shape `OT1/ppl/bx/n' in size <24> not available
(Font)              Font shape `OT1/ppl/b/n' tried instead on input line 726.
LaTeX Font Info:    Font shape `OT1/ppl/bx/it' in size <24> not available
(Font)              Font shape `OT1/ppl/b/it' tried instead on input line 726.
\IEEEilabelindentA=\dimen108
\IEEEilabelindentB=\dimen109
\IEEEilabelindent=\dimen110
\IEEEelabelindent=\dimen111
\IEEEdlabelindent=\dimen112
\IEEElabelindent=\dimen113
\IEEEiednormlabelsep=\dimen114
\IEEEiedmathlabelsep=\dimen115
\IEEEiedtopsep=\skip41
\c@section=\count81
\c@subsection=\count82
\c@subsubsection=\count83
\c@paragraph=\count84
\c@IEEEsubequation=\count85
\abovecaptionskip=\skip42
\belowcaptionskip=\skip43
\c@figure=\count86
\c@table=\count87
\@IEEEeqnnumcols=\count88
\@IEEEeqncolcnt=\count89
\@IEEEsubeqnnumrollback=\count90
\@IEEEtmpitemindent=\dimen116
\c@IEEEbiography=\count91
\@IEEEtranrubishbin=\box26
) (/usr/share/texlive/texmf-dist/tex/latex/graphics/graphicx.sty
Package: graphicx 1999/02/16 v1.0f Enhanced LaTeX Graphics (DPC,SPQR)

(/usr/share/texlive/texmf-dist/tex/latex/graphics/keyval.sty
Package: keyval 1999/03/16 v1.13 key=value parser (DPC)
\KV@toks@=\toks15
)
(/usr/share/texlive/texmf-dist/tex/latex/graphics/graphics.sty
Package: graphics 2009/02/05 v1.0o Standard LaTeX Graphics (DPC,SPQR)

(/usr/share/texlive/texmf-dist/tex/latex/graphics/trig.sty
Package: trig 1999/03/16 v1.09 sin cos tan (DPC)
)
(/usr/share/texlive/texmf-dist/tex/latex/latexconfig/graphics.cfg
File: graphics.cfg 2010/04/23 v1.9 graphics configuration of TeX Live
)
Package graphics Info: Driver file: pdftex.def on input line 91.

(/usr/share/texlive/texmf-dist/tex/latex/pdftex-def/pdftex.def
File: pdftex.def 2011/05/27 v0.06d Graphics/color for pdfTeX

(/usr/share/texlive/texmf-dist/tex/generic/oberdiek/infwarerr.sty
Package: infwarerr 2010/04/08 v1.3 Providing info/warning/error messages (HO)
)
(/usr/share/texlive/texmf-dist/tex/generic/oberdiek/ltxcmds.sty
Package: ltxcmds 2011/11/09 v1.22 LaTeX kernel commands for general use (HO)
)
\Gread@gobject=\count92
))
\Gin@req@height=\dimen117
\Gin@req@width=\dimen118
)
(/usr/share/texlive/texmf-dist/tex/latex/amsmath/amsmath.sty
Package: amsmath 2013/01/14 v2.14 AMS math features
\@mathmargin=\skip44

For additional information on amsmath, use the `?' option.
(/usr/share/texlive/texmf-dist/tex/latex/amsmath/amstext.sty
Package: amstext 2000/06/29 v2.01

(/usr/share/texlive/texmf-dist/tex/latex/amsmath/amsgen.sty
File: amsgen.sty 1999/11/30 v2.0
\@emptytoks=\toks16
\ex@=\dimen119
))
(/usr/share/texlive/texmf-dist/tex/latex/amsmath/amsbsy.sty
Package: amsbsy 1999/11/29 v1.2d
\pmbraise@=\dimen120
)
(/usr/share/texlive/texmf-dist/tex/latex/amsmath/amsopn.sty
Package: amsopn 1999/12/14 v2.01 operator names
)
\inf@bad=\count93
LaTeX Info: Redefining \frac on input line 210.
\uproot@=\count94
\leftroot@=\count95
LaTeX Info: Redefining \overline on input line 306.
\classnum@=\count96
\DOTSCASE@=\count97
LaTeX Info: Redefining \ldots on input line 378.
LaTeX Info: Redefining \dots on input line 381.
LaTeX Info: Redefining \cdots on input line 466.
\Mathstrutbox@=\box27
\strutbox@=\box28
\big@size=\dimen121
LaTeX Font Info:    Redeclaring font encoding OML on input line 566.
LaTeX Font Info:    Redeclaring font encoding OMS on input line 567.
\macc@depth=\count98
\c@MaxMatrixCols=\count99
\dotsspace@=\muskip10
\c@parentequation=\count100
\dspbrk@lvl=\count101
\tag@help=\toks17
\row@=\count102
\column@=\count103
\maxfields@=\count104
\andhelp@=\toks18
\eqnshift@=\dimen122
\alignsep@=\dimen123
\tagshift@=\dimen124
\tagwidth@=\dimen125
\totwidth@=\dimen126
\lineht@=\dimen127
\@envbody=\toks19
\multlinegap=\skip45
\multlinetaggap=\skip46
\mathdisplay@stack=\toks20
LaTeX Info: Redefining \[ on input line 2665.
LaTeX Info: Redefining \] on input line 2666.
) (./paper1.aux)
\openout1 = `paper1.aux'.

LaTeX Font Info:    Checking defaults for OML/cmm/m/it on input line 24.
LaTeX Font Info:    ... okay on input line 24.
LaTeX Font Info:    Checking defaults for T1/cmr/m/n on input line 24.
LaTeX Font Info:    ... okay on input line 24.
LaTeX Font Info:    Checking defaults for OT1/cmr/m/n on input line 24.
LaTeX Font Info:    ... okay on input line 24.
LaTeX Font Info:    Checking defaults for OMS/cmsy/m/n on input line 24.
LaTeX Font Info:    ... okay on input line 24.
LaTeX Font Info:    Checking defaults for OMX/cmex/m/n on input line 24.
LaTeX Font Info:    ... okay on input line 24.
LaTeX Font Info:    Checking defaults for U/cmr/m/n on input line 24.
LaTeX Font Info:    ... okay on input line 24.

(/usr/share/texlive/texmf-dist/tex/context/base/supp-pdf.mkii
[Loading MPS to PDF converter (version 2006.09.02).]
\scratchcounter=\count105
\scratchdimen=\dimen128
\scratchbox=\box29
\nofMPsegments=\count106
\nofMParguments=\count107
\everyMPshowfont=\toks21
\MPscratchCnt=\count108
\MPscratchDim=\dimen129
\MPnumerator=\count109
\makeMPintoPDFobject=\count110
\everyMPtoPDFconversion=\toks22
) (/usr/share/texlive/texmf-dist/tex/generic/oberdiek/pdftexcmds.sty
Package: pdftexcmds 2011/11/29 v0.20 Utility functions of pdfTeX for LuaTeX (HO
)

(/usr/share/texlive/texmf-dist/tex/generic/oberdiek/ifluatex.sty
Package: ifluatex 2010/03/01 v1.3 Provides the ifluatex switch (HO)
Package ifluatex Info: LuaTeX not detected.
)
(/usr/share/texlive/texmf-dist/tex/generic/oberdiek/ifpdf.sty
Package: ifpdf 2011/01/30 v2.3 Provides the ifpdf switch (HO)
Package ifpdf Info: pdfTeX in PDF mode is detected.
)
Package pdftexcmds Info: LuaTeX not detected.
Package pdftexcmds Info: \pdf@primitive is available.
Package pdftexcmds Info: \pdf@ifprimitive is available.
Package pdftexcmds Info: \pdfdraftmode found.
)
(/usr/share/texlive/texmf-dist/tex/latex/oberdiek/epstopdf-base.sty
Package: epstopdf-base 2010/02/09 v2.5 Base part for package epstopdf

(/usr/share/texlive/texmf-dist/tex/latex/oberdiek/grfext.sty
Package: grfext 2010/08/19 v1.1 Manage graphics extensions (HO)

(/usr/share/texlive/texmf-dist/tex/generic/oberdiek/kvdefinekeys.sty
Package: kvdefinekeys 2011/04/07 v1.3 Define keys (HO)
))
(/usr/share/texlive/texmf-dist/tex/latex/oberdiek/kvoptions.sty
Package: kvoptions 2011/06/30 v3.11 Key value format for package options (HO)

(/usr/share/texlive/texmf-dist/tex/generic/oberdiek/kvsetkeys.sty
Package: kvsetkeys 2012/04/25 v1.16 Key value parser (HO)

(/usr/share/texlive/texmf-dist/tex/generic/oberdiek/etexcmds.sty
Package: etexcmds 2011/02/16 v1.5 Avoid name clashes with e-TeX commands (HO)
Package etexcmds Info: Could not find \expanded.
(etexcmds)             That can mean that you are not using pdfTeX 1.50 or
(etexcmds)             that some package has redefined \expanded.
(etexcmds)             In the latter case, load this package earlier.
)))
Package grfext Info: Graphics extension search list:
(grfext)             [.png,.pdf,.jpg,.mps,.jpeg,.jbig2,.jb2,.PNG,.PDF,.JPG,.JPE
G,.JBIG2,.JB2,.eps]
(grfext)             \AppendGraphicsExtensions on input line 452.

(/usr/share/texlive/texmf-dist/tex/latex/latexconfig/epstopdf-sys.cfg
File: epstopdf-sys.cfg 2010/07/13 v1.3 Configuration of (r)epstopdf for TeX Liv
e
))
LaTeX Font Info:    Try loading font information for OT1+phv on input line 51.

(/usr/share/texlive/texmf-dist/tex/latex/psnfss/ot1phv.fd
File: ot1phv.fd 2001/06/04 scalable font definitions for OT1/phv.
)
LaTeX Font Info:    Font shape `OT1/phv/m/it' in size <11> not available
(Font)              Font shape `OT1/phv/m/sl' tried instead on input line 51.
LaTeX Font Info:    Calculating math sizes for size <11> on input line 51.
LaTeX Font Info:    Try loading font information for U+pzd on input line 51.

(/usr/share/texlive/texmf-dist/tex/latex/psnfss/upzd.fd
File: upzd.fd 2001/06/04 font definitions for U/pzd.
)
Underfull \hbox (badness 1418) in paragraph at lines 92--97
\OT1/ppl/m/n/10 Sat-u-ra-tion, dan Value. Seg-men-tasi warna da-pat di-
 []


Underfull \hbox (badness 1521) in paragraph at lines 115--120
\OT1/ppl/m/n/10 dan Value. Ni-lai Hue merep-re-sen-tasikan ni-lai je-nis
 []

[1{/var/lib/texmf/fonts/map/pdftex/updmap/pdftex.map}


]
<HSV.png, id=15, 256.96pt x 256.157pt>
File: HSV.png Graphic file (type png)
 <use HSV.png>
Package pdftex.def Info: HSV.png used on input line 123.
(pdftex.def)             Requested size: 200.00453pt x 199.99707pt.

<work.png, id=17, 1953.699pt x 1908.731pt>
File: work.png Graphic file (type png)
 <use work.png>
Package pdftex.def Info: work.png used on input line 161.
(pdftex.def)             Requested size: 249.99512pt x 349.99335pt.

<apart.jpg, id=18, 2601.72pt x 1951.29pt>
File: apart.jpg Graphic file (type jpg)
 <use apart.jpg>
Package pdftex.def Info: apart.jpg used on input line 178.
(pdftex.def)             Requested size: 150.0pt x 112.4871pt.
 [2 <./HSV.png> <./work.png> <./apart.jpg>] <desain_jadi.png, id=26, 1474.308pt
 x 819.06pt>
File: desain_jadi.png Graphic file (type png)

<use desain_jadi.png>
Package pdftex.def Info: desain_jadi.png used on input line 184.
(pdftex.def)             Requested size: 200.0pt x 111.10573pt.
 <full.jpg, id=27, 2601.72pt x 1951.29pt>
File: full.jpg Graphic file (type jpg)
 <use full.jpg>
Package pdftex.def Info: full.jpg used on input line 190.
(pdftex.def)             Requested size: 150.0pt x 112.4871pt.

<process.png, id=28, 2486.891pt x 1884.641pt>
File: process.png Graphic file (type png)
 <use process.png>
Package pdftex.def Info: process.png used on input line 197.
(pdftex.def)             Requested size: 250.0pt x 189.45288pt.

<softpic.png, id=29, 1028.34187pt x 553.31718pt>
File: softpic.png Graphic file (type png)
 <use softpic.png>
Package pdftex.def Info: softpic.png used on input line 207.
(pdftex.def)             Requested size: 250.0pt x 134.51274pt.

Underfull \hbox (badness 1859) in paragraph at lines 213--220
\OT1/ppl/m/n/10 Pengolahan terse-but un-tuk men-da-p-atkan jangkauan
 []


Underfull \hbox (badness 1424) in paragraph at lines 221--225
[]\OT1/ppl/m/n/10 Dengan mengam-bil rata-rata di-da-pat bahwa ni-lai
 []


Underfull \hbox (badness 3780) in paragraph at lines 232--234
\OT1/ppl/m/n/10 robot da-pat men-e-mukan-nya. Dalam pen-gu-jian di-
 []

<fov.png, id=30, 2608.947pt x 1769.009pt>
File: fov.png Graphic file (type png)
 <use fov.png>
Package pdftex.def Info: fov.png used on input line 241.
(pdftex.def)             Requested size: 200.0pt x 135.58517pt.

Underfull \vbox (badness 10000) has occurred while \output is active []

 [3 <./desain_jadi.png> <./full.jpg> <./process.png> <./softpic.png>]
<data_fov.png, id=36, 1777.842pt x 387.849pt>
File: data_fov.png Graphic file (type png)
 <use data_fov.png>
Package pdftex.def Info: data_fov.png used on input line 246.
(pdftex.def)             Requested size: 200.0pt x 43.62816pt.

Underfull \hbox (badness 1442) in paragraph at lines 285--289
\OT1/ppl/m/n/10 robot un-tuk meli-hat pen-garuh tingkat penc-a-hayaan
 []


Underfull \hbox (badness 2197) in paragraph at lines 326--329
\OT1/ppl/m/n/10 adalah tingkat su-atu warna ter-hadap warna putih
 []


Underfull \hbox (badness 10000) in paragraph at lines 326--329

 []

<ball_all.png, id=37, 321.2pt x 240.9pt>
File: ball_all.png Graphic file (type png)
 <use ball_all.png>
Package pdftex.def Info: ball_all.png used on input line 339.
(pdftex.def)             Requested size: 200.0pt x 150.00339pt.

Underfull \vbox (badness 10000) has occurred while \output is active []

 [4 <./fov.png> <./data_fov.png>] <ball_pos.png, id=43, 2578.433pt x 2237.961pt
>
File: ball_pos.png Graphic file (type png)

<use ball_pos.png>
Package pdftex.def Info: ball_pos.png used on input line 344.
(pdftex.def)             Requested size: 200.0pt x 173.57678pt.

Underfull \hbox (badness 1565) in paragraph at lines 348--356
\OT1/ppl/m/n/10 dil-i-hat ni-lai HSV un-tuk se-tiap warna. Gam-bar 4.5
 []


Underfull \hbox (badness 10000) in paragraph at lines 348--356

 []

<ball_color.png, id=44, 1028.34187pt x 578.16pt>
File: ball_color.png Graphic file (type png)
 <use ball_color.png>
Package pdftex.def Info: ball_color.png used on input line 358.
(pdftex.def)             Requested size: 200.0pt x 112.4452pt.
Missing character: There is no Å in font pplr7t!
Missing character: There is no ¡ in font pplr7t!
Missing character: There is no â in font pplri7t!
Missing character: There is no € in font pplri7t!
Missing character: There is no “ in font pplri7t!

Underfull \hbox (badness 6675) in paragraph at lines 373--384
\OT1/ppl/m/n/10 - An-dor Team.2012." \OT1/ppl/m/it/10 Dig-i-tal Cam-era Fun-da-
men-tals
 []


Underfull \hbox (badness 10000) in paragraph at lines 373--384
\OT1/ppl/m/n/10 - Chao, Fei.2014. " \OT1/ppl/m/it/10 A de-vel-op-men-tal ap-pro
ach to
 []


Underfull \hbox (badness 4132) in paragraph at lines 373--384
\OT1/ppl/m/it/10 robotic point-ing via hu-man-robot in-ter-ac-tion \OT1/ppl/m/n
/10 ".Xi-a-men
 []


Underfull \hbox (badness 10000) in paragraph at lines 373--384
\OT1/ppl/m/n/10 - Up-ton, Eben.2012 " \OT1/ppl/m/it/10 Rasp-ber-ryPi User Guide

 []


Underfull \hbox (badness 10000) in paragraph at lines 373--384

 []


Underfull \hbox (badness 3343) in paragraph at lines 388--399
\OT1/ppl/m/n/10 Fisika FMIPA Uni-ver-si-tas Negeri Surabaya hingga
 []


Underfull \hbox (badness 2197) in paragraph at lines 388--399
\OT1/ppl/m/n/10 ITS se-ba-gai pro-gram-mer. Penulis sem-pat ter-jun di
 []


Underfull \hbox (badness 2735) in paragraph at lines 388--399
\OT1/ppl/m/n/10 ITS. Saat ini penulis masih ak-tif mengem-bangkan
 []


Underfull \hbox (badness 3503) in paragraph at lines 388--399
\OT1/ppl/m/n/10 elek-tron-ika sistem-tertanam dan kom-puter berba-sis
 []

[5 <./ball_all.png (PNG copy)> <./ball_pos.png> <./ball_color.png (PNG copy)>]
(./paper1.aux) ) 
Here is how much of TeX's memory you used:
 2915 strings out of 495028
 43506 string characters out of 6181496
 106708 words of memory out of 5000000
 6090 multiletter control sequences out of 15000+600000
 34708 words of font info for 82 fonts, out of 8000000 for 9000
 14 hyphenation exceptions out of 8191
 38i,9n,23p,284b,243s stack positions out of 5000i,500n,10000p,200000b,80000s
{/usr/share/texlive/texmf-dist/fonts/enc/dvips/base/8r.enc}</us
r/share/texlive/texmf-dist/fonts/type1/public/amsfonts/cm/cmex10.pfb></usr/shar
e/texlive/texmf-dist/fonts/type1/public/amsfonts/cm/cmmi10.pfb></usr/share/texl
ive/texmf-dist/fonts/type1/public/amsfonts/cm/cmmi7.pfb></usr/share/texlive/tex
mf-dist/fonts/type1/public/amsfonts/cm/cmr10.pfb></usr/share/texlive/texmf-dist
/fonts/type1/public/amsfonts/cm/cmsy10.pfb></usr/share/texlive/texmf-dist/fonts
/type1/urw/helvetic/uhvr8a.pfb></usr/share/texlive/texmf-dist/fonts/type1/urw/h
elvetic/uhvro8a.pfb></usr/share/texlive/texmf-dist/fonts/type1/urw/palatino/upl
b8a.pfb></usr/share/texlive/texmf-dist/fonts/type1/urw/palatino/uplr8a.pfb></us
r/share/texlive/texmf-dist/fonts/type1/urw/palatino/uplri8a.pfb></usr/share/tex
live/texmf-dist/fonts/type1/urw/zapfding/uzdr.pfb>
Output written on paper1.pdf (5 pages, 7099014 bytes).
PDF statistics:
 85 PDF objects out of 1000 (max. 8388607)
 47 compressed objects within 1 object stream
 0 named destinations out of 1000 (max. 500000)
 61 words of extra memory for PDF output out of 10000 (max. 10000000)

